{"/app/src/config.ts": {"path":"/app/src/config.ts","statementMap":{"0":{"start":{"line":3,"column":30},"end":{"line":3,"column":null}},"1":{"start":{"line":4,"column":29},"end":{"line":4,"column":null}},"2":{"start":{"line":5,"column":39},"end":{"line":5,"column":null}},"3":{"start":{"line":8,"column":21},"end":{"line":8,"column":34}},"4":{"start":{"line":9,"column":24},"end":{"line":9,"column":58}},"5":{"start":{"line":10,"column":26},"end":{"line":10,"column":58}},"6":{"start":{"line":12,"column":41},"end":{"line":12,"column":117}},"7":{"start":{"line":14,"column":31},"end":{"line":14,"column":72}},"8":{"start":{"line":16,"column":22},"end":{"line":20,"column":null}}},"fnMap":{},"branchMap":{"0":{"loc":{"start":{"line":3,"column":30},"end":{"line":3,"column":null}},"type":"binary-expr","locations":[{"start":{"line":3,"column":30},"end":{"line":3,"column":60}},{"start":{"line":3,"column":60},"end":{"line":3,"column":null}}],"line":3},"1":{"loc":{"start":{"line":12,"column":53},"end":{"line":12,"column":117}},"type":"binary-expr","locations":[{"start":{"line":12,"column":53},"end":{"line":12,"column":111}},{"start":{"line":12,"column":115},"end":{"line":12,"column":117}}],"line":12},"2":{"loc":{"start":{"line":12,"column":62},"end":{"line":12,"column":108}},"type":"binary-expr","locations":[{"start":{"line":12,"column":62},"end":{"line":12,"column":103}},{"start":{"line":12,"column":103},"end":{"line":12,"column":108}}],"line":12}},"s":{"0":1,"1":1,"2":1,"3":1,"4":1,"5":1,"6":1,"7":1,"8":1},"f":{},"b":{"0":[1,1],"1":[1,0],"2":[1,1]},"meta":{"lastBranch":3,"lastFunction":0,"lastStatement":9,"seen":{"s:3:30:3:Infinity":0,"b:3:30:3:60:3:60:3:Infinity":0,"s:4:29:4:Infinity":1,"s:5:39:5:Infinity":2,"s:8:21:8:34":3,"s:9:24:9:58":4,"s:10:26:10:58":5,"s:12:41:12:117":6,"b:12:53:12:111:12:115:12:117":1,"b:12:62:12:103:12:103:12:108":2,"s:14:31:14:72":7,"s:16:22:20:Infinity":8}}}
,"/app/src/logger.ts": {"path":"/app/src/logger.ts","statementMap":{"0":{"start":{"line":3,"column":13},"end":{"line":12,"column":2}},"1":{"start":{"line":14,"column":25},"end":{"line":20,"column":null}},"2":{"start":{"line":23,"column":20},"end":{"line":23,"column":39}},"3":{"start":{"line":24,"column":2},"end":{"line":25,"column":null}},"4":{"start":{"line":25,"column":5},"end":{"line":25,"column":null}},"5":{"start":{"line":34,"column":2},"end":{"line":34,"column":null}}},"fnMap":{"0":{"name":"log","decl":{"start":{"line":22,"column":16},"end":{"line":22,"column":20}},"loc":{"start":{"line":22,"column":77},"end":{"line":25,"column":null}},"line":22},"1":{"name":"groupLog","decl":{"start":{"line":29,"column":16},"end":{"line":29,"column":null}},"loc":{"start":{"line":33,"column":2},"end":{"line":34,"column":null}},"line":33}},"branchMap":{"0":{"loc":{"start":{"line":22,"column":37},"end":{"line":22,"column":77}},"type":"default-arg","locations":[{"start":{"line":22,"column":69},"end":{"line":22,"column":77}}],"line":22},"1":{"loc":{"start":{"line":24,"column":2},"end":{"line":25,"column":null}},"type":"if","locations":[{"start":{"line":24,"column":2},"end":{"line":25,"column":null}},{"start":{},"end":{}}],"line":24},"2":{"loc":{"start":{"line":32,"column":2},"end":{"line":32,"column":null}},"type":"default-arg","locations":[{"start":{"line":32,"column":34},"end":{"line":32,"column":null}}],"line":32}},"s":{"0":1,"1":1,"2":0,"3":0,"4":0,"5":0},"f":{"0":0,"1":0},"b":{"0":[0],"1":[0,0],"2":[0]},"meta":{"lastBranch":3,"lastFunction":2,"lastStatement":6,"seen":{"s:3:13:12:2":0,"s:14:25:20:Infinity":1,"f:22:16:22:20":0,"b:22:69:22:77":0,"s:23:20:23:39":2,"b:24:2:25:Infinity:undefined:undefined:undefined:undefined":1,"s:24:2:25:Infinity":3,"s:25:5:25:Infinity":4,"f:29:16:29:Infinity":1,"b:32:34:32:Infinity":2,"s:34:2:34:Infinity":5}}}
,"/app/src/sandbox/process-executor.ts": {"path":"/app/src/sandbox/process-executor.ts","statementMap":{"0":{"start":{"line":28,"column":4},"end":{"line":28,"column":null}},"1":{"start":{"line":38,"column":24},"end":{"line":38,"column":null}},"2":{"start":{"line":39,"column":20},"end":{"line":39,"column":null}},"3":{"start":{"line":42,"column":21},"end":{"line":42,"column":69}},"4":{"start":{"line":44,"column":4},"end":{"line":58,"column":null}},"5":{"start":{"line":46,"column":6},"end":{"line":46,"column":null}},"6":{"start":{"line":49,"column":21},"end":{"line":49,"column":93}},"7":{"start":{"line":52,"column":6},"end":{"line":52,"column":null}},"8":{"start":{"line":54,"column":6},"end":{"line":54,"column":null}},"9":{"start":{"line":57,"column":6},"end":{"line":57,"column":null}},"10":{"start":{"line":58,"column":6},"end":{"line":58,"column":null}},"11":{"start":{"line":69,"column":24},"end":{"line":69,"column":null}},"12":{"start":{"line":73,"column":25},"end":{"line":73,"column":27}},"13":{"start":{"line":75,"column":4},"end":{"line":82,"column":null}},"14":{"start":{"line":77,"column":6},"end":{"line":77,"column":null}},"15":{"start":{"line":78,"column":6},"end":{"line":78,"column":null}},"16":{"start":{"line":81,"column":6},"end":{"line":81,"column":null}},"17":{"start":{"line":82,"column":6},"end":{"line":82,"column":null}},"18":{"start":{"line":85,"column":4},"end":{"line":85,"column":null}},"19":{"start":{"line":99,"column":4},"end":{"line":100,"column":null}},"20":{"start":{"line":100,"column":6},"end":{"line":100,"column":null}},"21":{"start":{"line":102,"column":20},"end":{"line":102,"column":null}},"22":{"start":{"line":103,"column":16},"end":{"line":103,"column":44}},"23":{"start":{"line":104,"column":23},"end":{"line":104,"column":null}},"24":{"start":{"line":106,"column":4},"end":{"line":187,"column":null}},"25":{"start":{"line":107,"column":19},"end":{"line":107,"column":null}},"26":{"start":{"line":108,"column":19},"end":{"line":108,"column":null}},"27":{"start":{"line":109,"column":45},"end":{"line":109,"column":null}},"28":{"start":{"line":112,"column":12},"end":{"line":120,"column":8}},"29":{"start":{"line":123,"column":6},"end":{"line":123,"column":null}},"30":{"start":{"line":126,"column":6},"end":{"line":130,"column":null}},"31":{"start":{"line":127,"column":8},"end":{"line":130,"column":null}},"32":{"start":{"line":128,"column":10},"end":{"line":128,"column":null}},"33":{"start":{"line":129,"column":10},"end":{"line":129,"column":null}},"34":{"start":{"line":134,"column":6},"end":{"line":136,"column":null}},"35":{"start":{"line":135,"column":8},"end":{"line":135,"column":null}},"36":{"start":{"line":139,"column":6},"end":{"line":141,"column":null}},"37":{"start":{"line":140,"column":8},"end":{"line":140,"column":null}},"38":{"start":{"line":144,"column":6},"end":{"line":162,"column":null}},"39":{"start":{"line":146,"column":8},"end":{"line":147,"column":null}},"40":{"start":{"line":147,"column":10},"end":{"line":147,"column":null}},"41":{"start":{"line":151,"column":8},"end":{"line":151,"column":null}},"42":{"start":{"line":154,"column":40},"end":{"line":158,"column":null}},"43":{"start":{"line":160,"column":8},"end":{"line":160,"column":null}},"44":{"start":{"line":161,"column":8},"end":{"line":161,"column":null}},"45":{"start":{"line":165,"column":6},"end":{"line":186,"column":null}},"46":{"start":{"line":167,"column":8},"end":{"line":168,"column":null}},"47":{"start":{"line":168,"column":10},"end":{"line":168,"column":null}},"48":{"start":{"line":172,"column":8},"end":{"line":172,"column":null}},"49":{"start":{"line":175,"column":24},"end":{"line":175,"column":38}},"50":{"start":{"line":176,"column":8},"end":{"line":180,"column":null}},"51":{"start":{"line":177,"column":27},"end":{"line":177,"column":67}},"52":{"start":{"line":177,"column":42},"end":{"line":177,"column":66}},"53":{"start":{"line":178,"column":10},"end":{"line":180,"column":null}},"54":{"start":{"line":180,"column":12},"end":{"line":180,"column":null}},"55":{"start":{"line":184,"column":8},"end":{"line":184,"column":null}},"56":{"start":{"line":185,"column":8},"end":{"line":185,"column":null}},"57":{"start":{"line":196,"column":25},"end":{"line":196,"column":63}},"58":{"start":{"line":197,"column":4},"end":{"line":198,"column":null}},"59":{"start":{"line":198,"column":6},"end":{"line":198,"column":null}},"60":{"start":{"line":201,"column":4},"end":{"line":209,"column":null}},"61":{"start":{"line":202,"column":6},"end":{"line":202,"column":null}},"62":{"start":{"line":203,"column":6},"end":{"line":203,"column":null}},"63":{"start":{"line":204,"column":6},"end":{"line":204,"column":null}},"64":{"start":{"line":205,"column":6},"end":{"line":205,"column":null}},"65":{"start":{"line":207,"column":22},"end":{"line":207,"column":76}},"66":{"start":{"line":208,"column":6},"end":{"line":208,"column":null}},"67":{"start":{"line":209,"column":6},"end":{"line":209,"column":null}},"68":{"start":{"line":218,"column":4},"end":{"line":224,"column":null}},"69":{"start":{"line":219,"column":6},"end":{"line":224,"column":null}},"70":{"start":{"line":220,"column":8},"end":{"line":220,"column":null}},"71":{"start":{"line":221,"column":8},"end":{"line":221,"column":null}},"72":{"start":{"line":223,"column":24},"end":{"line":223,"column":78}},"73":{"start":{"line":224,"column":8},"end":{"line":224,"column":null}},"74":{"start":{"line":228,"column":4},"end":{"line":228,"column":null}},"75":{"start":{"line":229,"column":4},"end":{"line":229,"column":null}},"76":{"start":{"line":237,"column":4},"end":{"line":237,"column":null}}},"fnMap":{"0":{"name":"(anonymous_0)","decl":{"start":{"line":27,"column":2},"end":{"line":27,"column":16}},"loc":{"start":{"line":27,"column":16},"end":{"line":28,"column":null}},"line":27},"1":{"name":"(anonymous_1)","decl":{"start":{"line":37,"column":8},"end":{"line":37,"column":16}},"loc":{"start":{"line":37,"column":88},"end":{"line":58,"column":null}},"line":37},"2":{"name":"(anonymous_2)","decl":{"start":{"line":52,"column":41},"end":{"line":52,"column":53}},"loc":{"start":{"line":52,"column":53},"end":{"line":52,"column":56}},"line":52},"3":{"name":"(anonymous_3)","decl":{"start":{"line":57,"column":41},"end":{"line":57,"column":53}},"loc":{"start":{"line":57,"column":53},"end":{"line":57,"column":56}},"line":57},"4":{"name":"(anonymous_4)","decl":{"start":{"line":68,"column":8},"end":{"line":68,"column":23}},"loc":{"start":{"line":68,"column":98},"end":{"line":85,"column":null}},"line":68},"5":{"name":"(anonymous_5)","decl":{"start":{"line":92,"column":2},"end":{"line":92,"column":10}},"loc":{"start":{"line":98,"column":30},"end":{"line":187,"column":null}},"line":98},"6":{"name":"(anonymous_6)","decl":{"start":{"line":106,"column":15},"end":{"line":106,"column":24}},"loc":{"start":{"line":106,"column":44},"end":{"line":187,"column":null}},"line":106},"7":{"name":"(anonymous_7)","decl":{"start":{"line":127,"column":20},"end":{"line":127,"column":37}},"loc":{"start":{"line":127,"column":37},"end":{"line":130,"column":19}},"line":127},"8":{"name":"(anonymous_8)","decl":{"start":{"line":134,"column":30},"end":{"line":134,"column":39}},"loc":{"start":{"line":134,"column":48},"end":{"line":136,"column":null}},"line":134},"9":{"name":"(anonymous_9)","decl":{"start":{"line":139,"column":30},"end":{"line":139,"column":39}},"loc":{"start":{"line":139,"column":48},"end":{"line":141,"column":null}},"line":139},"10":{"name":"(anonymous_10)","decl":{"start":{"line":144,"column":22},"end":{"line":144,"column":32}},"loc":{"start":{"line":144,"column":45},"end":{"line":162,"column":null}},"line":144},"11":{"name":"(anonymous_11)","decl":{"start":{"line":165,"column":22},"end":{"line":165,"column":32}},"loc":{"start":{"line":165,"column":42},"end":{"line":186,"column":null}},"line":165},"12":{"name":"(anonymous_12)","decl":{"start":{"line":177,"column":32},"end":{"line":177,"column":37}},"loc":{"start":{"line":177,"column":42},"end":{"line":177,"column":66}},"line":177},"13":{"name":"(anonymous_13)","decl":{"start":{"line":180,"column":41},"end":{"line":180,"column":53}},"loc":{"start":{"line":180,"column":53},"end":{"line":180,"column":56}},"line":180},"14":{"name":"(anonymous_14)","decl":{"start":{"line":195,"column":8},"end":{"line":195,"column":13}},"loc":{"start":{"line":195,"column":52},"end":{"line":209,"column":null}},"line":195},"15":{"name":"(anonymous_15)","decl":{"start":{"line":216,"column":8},"end":{"line":216,"column":31}},"loc":{"start":{"line":216,"column":31},"end":{"line":229,"column":null}},"line":216},"16":{"name":"(anonymous_16)","decl":{"start":{"line":236,"column":2},"end":{"line":236,"column":37}},"loc":{"start":{"line":236,"column":37},"end":{"line":237,"column":null}},"line":236}},"branchMap":{"0":{"loc":{"start":{"line":37,"column":30},"end":{"line":37,"column":60}},"type":"default-arg","locations":[{"start":{"line":37,"column":58},"end":{"line":37,"column":60}}],"line":37},"1":{"loc":{"start":{"line":39,"column":20},"end":{"line":39,"column":null}},"type":"binary-expr","locations":[{"start":{"line":39,"column":20},"end":{"line":39,"column":39}},{"start":{"line":39,"column":39},"end":{"line":39,"column":null}}],"line":39},"2":{"loc":{"start":{"line":68,"column":40},"end":{"line":68,"column":70}},"type":"default-arg","locations":[{"start":{"line":68,"column":68},"end":{"line":68,"column":70}}],"line":68},"3":{"loc":{"start":{"line":75,"column":4},"end":{"line":82,"column":null}},"type":"if","locations":[{"start":{"line":75,"column":4},"end":{"line":82,"column":null}},{"start":{"line":79,"column":11},"end":{"line":82,"column":null}}],"line":75},"4":{"loc":{"start":{"line":96,"column":4},"end":{"line":96,"column":null}},"type":"default-arg","locations":[{"start":{"line":96,"column":33},"end":{"line":96,"column":null}}],"line":96},"5":{"loc":{"start":{"line":97,"column":4},"end":{"line":97,"column":null}},"type":"default-arg","locations":[{"start":{"line":97,"column":30},"end":{"line":97,"column":null}}],"line":97},"6":{"loc":{"start":{"line":99,"column":4},"end":{"line":100,"column":null}},"type":"if","locations":[{"start":{"line":99,"column":4},"end":{"line":100,"column":null}},{"start":{},"end":{}}],"line":99},"7":{"loc":{"start":{"line":102,"column":20},"end":{"line":102,"column":null}},"type":"binary-expr","locations":[{"start":{"line":102,"column":20},"end":{"line":102,"column":39}},{"start":{"line":102,"column":39},"end":{"line":102,"column":null}}],"line":102},"8":{"loc":{"start":{"line":103,"column":16},"end":{"line":103,"column":44}},"type":"binary-expr","locations":[{"start":{"line":103,"column":16},"end":{"line":103,"column":31}},{"start":{"line":103,"column":31},"end":{"line":103,"column":44}}],"line":103},"9":{"loc":{"start":{"line":104,"column":23},"end":{"line":104,"column":null}},"type":"binary-expr","locations":[{"start":{"line":104,"column":23},"end":{"line":104,"column":42}},{"start":{"line":104,"column":42},"end":{"line":104,"column":null}}],"line":104},"10":{"loc":{"start":{"line":126,"column":6},"end":{"line":130,"column":null}},"type":"if","locations":[{"start":{"line":126,"column":6},"end":{"line":130,"column":null}},{"start":{},"end":{}}],"line":126},"11":{"loc":{"start":{"line":146,"column":8},"end":{"line":147,"column":null}},"type":"if","locations":[{"start":{"line":146,"column":8},"end":{"line":147,"column":null}},{"start":{},"end":{}}],"line":146},"12":{"loc":{"start":{"line":167,"column":8},"end":{"line":168,"column":null}},"type":"if","locations":[{"start":{"line":167,"column":8},"end":{"line":168,"column":null}},{"start":{},"end":{}}],"line":167},"13":{"loc":{"start":{"line":176,"column":8},"end":{"line":180,"column":null}},"type":"if","locations":[{"start":{"line":176,"column":8},"end":{"line":180,"column":null}},{"start":{},"end":{}}],"line":176},"14":{"loc":{"start":{"line":178,"column":10},"end":{"line":180,"column":null}},"type":"if","locations":[{"start":{"line":178,"column":10},"end":{"line":180,"column":null}},{"start":{},"end":{}}],"line":178},"15":{"loc":{"start":{"line":197,"column":4},"end":{"line":198,"column":null}},"type":"if","locations":[{"start":{"line":197,"column":4},"end":{"line":198,"column":null}},{"start":{},"end":{}}],"line":197},"16":{"loc":{"start":{"line":207,"column":22},"end":{"line":207,"column":76}},"type":"cond-expr","locations":[{"start":{"line":207,"column":47},"end":{"line":207,"column":63}},{"start":{"line":207,"column":63},"end":{"line":207,"column":76}}],"line":207},"17":{"loc":{"start":{"line":223,"column":24},"end":{"line":223,"column":78}},"type":"cond-expr","locations":[{"start":{"line":223,"column":49},"end":{"line":223,"column":65}},{"start":{"line":223,"column":65},"end":{"line":223,"column":78}}],"line":223}},"s":{"0":3,"1":3,"2":3,"3":3,"4":3,"5":3,"6":2,"7":2,"8":2,"9":1,"10":1,"11":0,"12":0,"13":0,"14":0,"15":0,"16":0,"17":0,"18":0,"19":2,"20":0,"21":2,"22":2,"23":2,"24":2,"25":2,"26":2,"27":2,"28":2,"29":2,"30":2,"31":2,"32":0,"33":0,"34":2,"35":1,"36":2,"37":1,"38":2,"39":2,"40":2,"41":2,"42":2,"43":2,"44":2,"45":2,"46":0,"47":0,"48":0,"49":0,"50":0,"51":0,"52":0,"53":0,"54":0,"55":0,"56":0,"57":0,"58":0,"59":0,"60":0,"61":0,"62":0,"63":0,"64":0,"65":0,"66":0,"67":0,"68":3,"69":0,"70":0,"71":0,"72":0,"73":0,"74":3,"75":3,"76":0},"f":{"0":3,"1":3,"2":0,"3":1,"4":0,"5":2,"6":2,"7":0,"8":1,"9":1,"10":2,"11":0,"12":0,"13":0,"14":0,"15":3,"16":0},"b":{"0":[3],"1":[3,3],"2":[0],"3":[0,0],"4":[2],"5":[2],"6":[0,2],"7":[2,0],"8":[2,2],"9":[2,2],"10":[2,0],"11":[2,0],"12":[0,0],"13":[0,0],"14":[0,0],"15":[0,0],"16":[0,0],"17":[0,0]},"meta":{"lastBranch":18,"lastFunction":17,"lastStatement":77,"seen":{"f:27:2:27:16":0,"s:28:4:28:Infinity":0,"f:37:8:37:16":1,"b:37:58:37:60":0,"s:38:24:38:Infinity":1,"s:39:20:39:Infinity":2,"b:39:20:39:39:39:39:39:Infinity":1,"s:42:21:42:69":3,"s:44:4:58:Infinity":4,"s:46:6:46:Infinity":5,"s:49:21:49:93":6,"s:52:6:52:Infinity":7,"f:52:41:52:53":2,"s:54:6:54:Infinity":8,"s:57:6:57:Infinity":9,"f:57:41:57:53":3,"s:58:6:58:Infinity":10,"f:68:8:68:23":4,"b:68:68:68:70":2,"s:69:24:69:Infinity":11,"s:73:25:73:27":12,"b:75:4:82:Infinity:79:11:82:Infinity":3,"s:75:4:82:Infinity":13,"s:77:6:77:Infinity":14,"s:78:6:78:Infinity":15,"s:81:6:81:Infinity":16,"s:82:6:82:Infinity":17,"s:85:4:85:Infinity":18,"f:92:2:92:10":5,"b:96:33:96:Infinity":4,"b:97:30:97:Infinity":5,"b:99:4:100:Infinity:undefined:undefined:undefined:undefined":6,"s:99:4:100:Infinity":19,"s:100:6:100:Infinity":20,"s:102:20:102:Infinity":21,"b:102:20:102:39:102:39:102:Infinity":7,"s:103:16:103:44":22,"b:103:16:103:31:103:31:103:44":8,"s:104:23:104:Infinity":23,"b:104:23:104:42:104:42:104:Infinity":9,"s:106:4:187:Infinity":24,"f:106:15:106:24":6,"s:107:19:107:Infinity":25,"s:108:19:108:Infinity":26,"s:109:45:109:Infinity":27,"s:112:12:120:8":28,"s:123:6:123:Infinity":29,"b:126:6:130:Infinity:undefined:undefined:undefined:undefined":10,"s:126:6:130:Infinity":30,"s:127:8:130:Infinity":31,"f:127:20:127:37":7,"s:128:10:128:Infinity":32,"s:129:10:129:Infinity":33,"s:134:6:136:Infinity":34,"f:134:30:134:39":8,"s:135:8:135:Infinity":35,"s:139:6:141:Infinity":36,"f:139:30:139:39":9,"s:140:8:140:Infinity":37,"s:144:6:162:Infinity":38,"f:144:22:144:32":10,"b:146:8:147:Infinity:undefined:undefined:undefined:undefined":11,"s:146:8:147:Infinity":39,"s:147:10:147:Infinity":40,"s:151:8:151:Infinity":41,"s:154:40:158:Infinity":42,"s:160:8:160:Infinity":43,"s:161:8:161:Infinity":44,"s:165:6:186:Infinity":45,"f:165:22:165:32":11,"b:167:8:168:Infinity:undefined:undefined:undefined:undefined":12,"s:167:8:168:Infinity":46,"s:168:10:168:Infinity":47,"s:172:8:172:Infinity":48,"s:175:24:175:38":49,"b:176:8:180:Infinity:undefined:undefined:undefined:undefined":13,"s:176:8:180:Infinity":50,"s:177:27:177:67":51,"f:177:32:177:37":12,"s:177:42:177:66":52,"b:178:10:180:Infinity:undefined:undefined:undefined:undefined":14,"s:178:10:180:Infinity":53,"s:180:12:180:Infinity":54,"f:180:41:180:53":13,"s:184:8:184:Infinity":55,"s:185:8:185:Infinity":56,"f:195:8:195:13":14,"s:196:25:196:63":57,"b:197:4:198:Infinity:undefined:undefined:undefined:undefined":15,"s:197:4:198:Infinity":58,"s:198:6:198:Infinity":59,"s:201:4:209:Infinity":60,"s:202:6:202:Infinity":61,"s:203:6:203:Infinity":62,"s:204:6:204:Infinity":63,"s:205:6:205:Infinity":64,"s:207:22:207:76":65,"b:207:47:207:63:207:63:207:76":16,"s:208:6:208:Infinity":66,"s:209:6:209:Infinity":67,"f:216:8:216:31":15,"s:218:4:224:Infinity":68,"s:219:6:224:Infinity":69,"s:220:8:220:Infinity":70,"s:221:8:221:Infinity":71,"s:223:24:223:78":72,"b:223:49:223:65:223:65:223:78":17,"s:224:8:224:Infinity":73,"s:228:4:228:Infinity":74,"s:229:4:229:Infinity":75,"f:236:2:236:37":16,"s:237:4:237:Infinity":76}}}
}
